<?xml version="1.0" encoding="UTF-8"?>
<!-- Generated by org.testng.reporters.JUnitXMLReporter -->
<testsuite hostname="Naveen" ignored="0" name="Chrome" tests="10" failures="0" timestamp="12 Apr 2018 05:04:03 GMT" time="173.445" errors="0">
  <testcase name="@AfterClass teardown" time="0.001" classname="com.kemp.technologies.Chrome.Scenario2">
    <failure type="java.lang.NullPointerException">
      <![CDATA[java.lang.NullPointerException
at com.kemp.technologies.Chrome.Scenario2.teardown(Scenario2.java:41)
... Removed 26 stack frames]]>
    </failure>
  </testcase> <!-- @AfterClass teardown -->
  <testcase name="@AfterClass teardown" time="0.001" classname="com.kemp.technologies.Chrome.Scenario3">
    <failure type="java.lang.NullPointerException">
      <![CDATA[java.lang.NullPointerException
at com.kemp.technologies.Chrome.Scenario3.teardown(Scenario3.java:36)
... Removed 26 stack frames]]>
    </failure>
  </testcase> <!-- @AfterClass teardown -->
  <testcase name="@AfterClass teardown" time="0.001" classname="com.kemp.technologies.Chrome.Scenario4">
    <failure type="java.lang.NullPointerException">
      <![CDATA[java.lang.NullPointerException
at com.kemp.technologies.Chrome.Scenario4.teardown(Scenario4.java:66)
... Removed 26 stack frames]]>
    </failure>
  </testcase> <!-- @AfterClass teardown -->
  <testcase name="@AfterClass teardown" time="0.001" classname="com.kemp.technologies.Chrome.Scenario5">
    <failure type="java.lang.NullPointerException">
      <![CDATA[java.lang.NullPointerException
at com.kemp.technologies.Chrome.Scenario5.teardown(Scenario5.java:53)
... Removed 26 stack frames]]>
    </failure>
  </testcase> <!-- @AfterClass teardown -->
  <testcase name="@AfterClass teardown" time="0.001" classname="com.kemp.technologies.Chrome.Scenario6">
    <failure type="java.lang.NullPointerException">
      <![CDATA[java.lang.NullPointerException
at com.kemp.technologies.Chrome.Scenario6.teardown(Scenario6.java:55)
... Removed 26 stack frames]]>
    </failure>
  </testcase> <!-- @AfterClass teardown -->
  <testcase name="@AfterClass teardown" time="0.001" classname="com.kemp.technologies.Chrome.Scenario7">
    <failure type="java.lang.NullPointerException">
      <![CDATA[java.lang.NullPointerException
at com.kemp.technologies.Chrome.Scenario7.teardown(Scenario7.java:48)
... Removed 26 stack frames]]>
    </failure>
  </testcase> <!-- @AfterClass teardown -->
  <testcase name="@AfterClass teardown" time="0.001" classname="com.kemp.technologies.Chrome.Scenario8">
    <failure type="java.lang.NullPointerException">
      <![CDATA[java.lang.NullPointerException
at com.kemp.technologies.Chrome.Scenario8.teardown(Scenario8.java:51)
... Removed 26 stack frames]]>
    </failure>
  </testcase> <!-- @AfterClass teardown -->
  <testcase name="@AfterClass teardown" time="0.0" classname="com.kemp.technologies.Chrome.Scenario9">
    <failure type="java.lang.NullPointerException">
      <![CDATA[java.lang.NullPointerException
at com.kemp.technologies.Chrome.Scenario9.teardown(Scenario9.java:57)
... Removed 26 stack frames]]>
    </failure>
  </testcase> <!-- @AfterClass teardown -->
  <testcase name="@AfterClass ExitWindow" time="0.001" classname="com.kemp.technologies.Chrome.Scenario10">
    <failure type="java.lang.NullPointerException">
      <![CDATA[java.lang.NullPointerException
at com.kemp.technologies.Chrome.Scenario10.ExitWindow(Scenario10.java:61)
... Removed 26 stack frames]]>
    </failure>
  </testcase> <!-- @AfterClass ExitWindow -->
  <testcase name="scenario1" time="7.321" classname="com.kemp.technologies.Chrome.Scenario1"/>
  <testcase name="scenario2" time="8.285" classname="com.kemp.technologies.Chrome.Scenario2"/>
  <testcase name="scenario3" time="12.371" classname="com.kemp.technologies.Chrome.Scenario3"/>
  <testcase name="scenario4" time="11.471" classname="com.kemp.technologies.Chrome.Scenario4"/>
  <testcase name="scenario5" time="23.748" classname="com.kemp.technologies.Chrome.Scenario5"/>
  <testcase name="scenario6" time="18.755" classname="com.kemp.technologies.Chrome.Scenario6"/>
  <testcase name="scenario7" time="16.038" classname="com.kemp.technologies.Chrome.Scenario7"/>
  <testcase name="scenario8" time="20.288" classname="com.kemp.technologies.Chrome.Scenario8"/>
  <testcase name="scenario9" time="17.838" classname="com.kemp.technologies.Chrome.Scenario9"/>
  <testcase name="scenario10" time="17.396" classname="com.kemp.technologies.Chrome.Scenario10"/>
</testsuite> <!-- Chrome -->
