<?xml version="1.0" encoding="UTF-8"?>
<!-- Generated by org.testng.reporters.JUnitXMLReporter -->
<testsuite hostname="Naveen" ignored="0" name="Firefox" tests="10" failures="1" timestamp="12 Apr 2018 05:01:09 GMT" time="190.898" errors="0">
  <testcase name="@AfterTest ExitWindow" time="0.0" classname="com.kemp.technologies.Firefox.Scenario10">
    <failure type="java.lang.NullPointerException">
      <![CDATA[java.lang.NullPointerException
at com.kemp.technologies.Firefox.Scenario10.ExitWindow(Scenario10.java:54)
... Removed 24 stack frames]]>
    </failure>
  </testcase> <!-- @AfterTest ExitWindow -->
  <testcase name="scenario1" time="7.631" classname="com.kemp.technologies.Firefox.Scenario1">
    <failure type="org.openqa.selenium.WebDriverException" message="timeouts
Build info: version: &amp;apos;3.9.1&amp;apos;, revision: &amp;apos;63f7b50&amp;apos;, time: &amp;apos;2018-02-07T22:42:22.379Z&amp;apos;
System info: host: &amp;apos;NAVEEN&amp;apos;, ip: &amp;apos;192.168.99.1&amp;apos;, os.name: &amp;apos;Windows 8.1&amp;apos;, os.arch: &amp;apos;amd64&amp;apos;, os.version: &amp;apos;6.3&amp;apos;, java.version: &amp;apos;1.8.0&amp;apos;
Driver info: org.openqa.selenium.firefox.FirefoxDriver
Capabilities {acceptInsecureCerts: true, browserName: firefox, browserVersion: 59.0.2, javascriptEnabled: true, moz:accessibilityChecks: false, moz:headless: false, moz:processID: 25264, moz:profile: C:\Users\HP PC\AppData\Loca..., moz:useNonSpecCompliantPointerOrigin: false, moz:webdriverClick: true, pageLoadStrategy: normal, platform: XP, platformName: XP, platformVersion: 6.3, rotatable: false, timeouts: {implicit: 0, pageLoad: 300000, script: 30000}}
Session ID: 666aba1b-dbcf-4913-a201-368d7b781565">
      <![CDATA[org.openqa.selenium.WebDriverException: timeouts
Build info: version: '3.9.1', revision: '63f7b50', time: '2018-02-07T22:42:22.379Z'
System info: host: 'NAVEEN', ip: '192.168.99.1', os.name: 'Windows 8.1', os.arch: 'amd64', os.version: '6.3', java.version: '1.8.0'
Driver info: org.openqa.selenium.firefox.FirefoxDriver
Capabilities {acceptInsecureCerts: true, browserName: firefox, browserVersion: 59.0.2, javascriptEnabled: true, moz:accessibilityChecks: false, moz:headless: false, moz:processID: 25264, moz:profile: C:\Users\HP PC\AppData\Loca..., moz:useNonSpecCompliantPointerOrigin: false, moz:webdriverClick: true, pageLoadStrategy: normal, platform: XP, platformName: XP, platformVersion: 6.3, rotatable: false, timeouts: {implicit: 0, pageLoad: 300000, script: 30000}}
Session ID: 666aba1b-dbcf-4913-a201-368d7b781565
at org.openqa.selenium.remote.http.W3CHttpResponseCodec.createException(W3CHttpResponseCodec.java:187)
at org.openqa.selenium.remote.http.W3CHttpResponseCodec.decode(W3CHttpResponseCodec.java:122)
at org.openqa.selenium.remote.http.W3CHttpResponseCodec.decode(W3CHttpResponseCodec.java:49)
at org.openqa.selenium.remote.HttpCommandExecutor.execute(HttpCommandExecutor.java:160)
at org.openqa.selenium.remote.service.DriverCommandExecutor.execute(DriverCommandExecutor.java:83)
at org.openqa.selenium.remote.RemoteWebDriver.execute(RemoteWebDriver.java:601)
at org.openqa.selenium.remote.RemoteWebDriver$RemoteWebDriverOptions$RemoteTimeouts.implicitlyWait(RemoteWebDriver.java:835)
at com.kemp.technologies.Firefox.Scenario1.scenario1(Scenario1.java:52)
... Removed 29 stack frames]]>
    </failure>
  </testcase> <!-- scenario1 -->
  <testcase name="scenario2" time="13.476" classname="com.kemp.technologies.Firefox.Scenario2"/>
  <testcase name="scenario3" time="13.644" classname="com.kemp.technologies.Firefox.Scenario3"/>
  <testcase name="scenario4" time="14.802" classname="com.kemp.technologies.Firefox.Scenario4"/>
  <testcase name="scenario5" time="13.585" classname="com.kemp.technologies.Firefox.Scenario5"/>
  <testcase name="scenario6" time="16.059" classname="com.kemp.technologies.Firefox.Scenario6"/>
  <testcase name="scenario7" time="19.87" classname="com.kemp.technologies.Firefox.Scenario7"/>
  <testcase name="scenario8" time="23.382" classname="com.kemp.technologies.Firefox.Scenario8"/>
  <testcase name="scenario9" time="16.885" classname="com.kemp.technologies.Firefox.Scenario9"/>
  <testcase name="scenario10" time="21.937" classname="com.kemp.technologies.Firefox.Scenario10"/>
</testsuite> <!-- Firefox -->
